<?xml version="1.0" encoding="UTF-8"?>
<!-- Generated by org.testng.reporters.JUnitReportReporter -->
<testsuite skipped="0" hostname="DESKTOP-E69K95O" name="learningTestNg2.LearningAnnotation" tests="1" failures="0" timestamp="2021-09-08T20:25:31 EDT" time="0.007" errors="0">
  <testcase name="test" time="0.007" classname="learningTestNg2.LearningAnnotation"/>
  <system-out/>
</testsuite> <!-- learningTestNg2.LearningAnnotation -->
