<?xml version="1.0" encoding="UTF-8"?>
<!-- Generated by org.testng.reporters.JUnitReportReporter -->
<testsuite skipped="0" hostname="DESKTOP-E69K95O" name="sauceDemo.dependOn" tests="2" failures="0" timestamp="2021-09-15T20:56:38 EDT" time="0.008" errors="0">
  <testcase name="TestD" time="0.001" classname="sauceDemo.dependOn"/>
  <system-out/>
  <testcase name="TestB" time="0.007" classname="sauceDemo.dependOn"/>
  <system-out/>
</testsuite> <!-- sauceDemo.dependOn -->
