<?xml version="1.0" encoding="UTF-8"?>
<!-- Generated by org.testng.reporters.JUnitReportReporter -->
<testsuite skipped="0" hostname="DESKTOP-E69K95O" name="learningTestNg2.YahooSignUpPage" tests="1" failures="0" timestamp="2021-09-08T21:23:54 EDT" time="0.101" errors="0">
  <testcase name="weadingHeader" time="0.101" classname="learningTestNg2.YahooSignUpPage"/>
  <system-out/>
</testsuite> <!-- learningTestNg2.YahooSignUpPage -->
